<?xml version="1.0" encoding="UTF-8"?>
<!-- Generated by org.testng.reporters.JUnitXMLReporter -->
<testsuite ignored="0" hostname="HYD-5CG2248276" failures="0" tests="5" name="Default test" time="125.236" errors="0" timestamp="2025-10-05T20:07:00 IST">
  <testcase classname="com.ps.automation.tests.CheckoutTests" name="verifyCheckoutNavigation" time="22.453"/>
  <testcase classname="com.ps.automation.tests.CheckoutTests" name="verifyCheckoutPageLoads" time="5.123"/>
  <testcase classname="com.ps.automation.tests.CheckoutTests" name="verifyCheckoutFormPresent" time="21.469"/>
  <testcase classname="com.ps.automation.tests.CheckoutTests" name="verifyCheckoutAccessibleWithItems" time="22.541"/>
  <testcase classname="com.ps.automation.tests.CheckoutTests" name="verifyCheckoutURL" time="4.112"/>
</testsuite> <!-- Default test -->
