<?xml version="1.0" encoding="UTF-8"?>
<!-- Generated by org.testng.reporters.JUnitXMLReporter -->
<testsuite ignored="0" hostname="HYD-5CG2248276" failures="0" tests="25" name="Chrome Tests" time="533.002" errors="0" timestamp="2025-10-07T17:25:01 IST">
  <testcase classname="com.ps.automation.tests.HomePageTests" name="verifyHomePageLoads" time="0.362"/>
  <testcase classname="com.ps.automation.tests.HomePageTests" name="verifyNavigationMenuItems" time="0.297"/>
  <testcase classname="com.ps.automation.tests.HomePageTests" name="verifyProductCategoriesDisplay" time="0.691"/>
  <testcase classname="com.ps.automation.tests.HomePageTests" name="verifySearchFunctionality" time="1.58"/>
  <testcase classname="com.ps.automation.tests.HomePageTests" name="verifyFeaturedProductsSection" time="0.257"/>
  <testcase classname="com.ps.automation.tests.ProductTests" name="verifyProductGridDisplay" time="7.859"/>
  <testcase classname="com.ps.automation.tests.ProductTests" name="verifyMensOuterwearCategory" time="3.314"/>
  <testcase classname="com.ps.automation.tests.ProductTests" name="verifyLadiesOuterwearCategory" time="2.723"/>
  <testcase classname="com.ps.automation.tests.ProductTests" name="verifyProductTitlesNotEmpty" time="7.425"/>
  <testcase classname="com.ps.automation.tests.ProductTests" name="verifyProductSelection" time="12.533"/>
  <testcase classname="com.ps.automation.tests.ProductDetailTests" name="verifyProductDetailPageLoad" time="9.42"/>
  <testcase classname="com.ps.automation.tests.ProductDetailTests" name="verifyProductTitleAndPrice" time="9.831"/>
  <testcase classname="com.ps.automation.tests.ProductDetailTests" name="verifyProductImage" time="13.725"/>
  <testcase classname="com.ps.automation.tests.ProductDetailTests" name="verifySizeAndQuantityDropdowns" time="10.008"/>
  <testcase classname="com.ps.automation.tests.ProductDetailTests" name="verifyAddToCartFunctionality" time="20.094"/>
  <testcase classname="com.ps.automation.tests.CartTests" name="verifyCartFunctionalityAvailable" time="19.701"/>
  <testcase classname="com.ps.automation.tests.CartTests" name="verifyAddingProductsToCart" time="19.515"/>
  <testcase classname="com.ps.automation.tests.CartTests" name="verifyCartCountUpdates" time="19.803"/>
  <testcase classname="com.ps.automation.tests.CartTests" name="verifyEmptyCartState" time="2.035"/>
  <testcase classname="com.ps.automation.tests.CartTests" name="verifyMultipleProductsAddition" time="41.894"/>
  <testcase classname="com.ps.automation.tests.CheckoutTests" name="verifyCheckoutNavigation" time="23.129"/>
  <testcase classname="com.ps.automation.tests.CheckoutTests" name="verifyCheckoutPageLoads" time="5.294"/>
  <testcase classname="com.ps.automation.tests.CheckoutTests" name="verifyCheckoutFormPresent" time="22.362"/>
  <testcase classname="com.ps.automation.tests.CheckoutTests" name="verifyCheckoutAccessibleWithItems" time="23.181"/>
  <testcase classname="com.ps.automation.tests.CheckoutTests" name="verifyCheckoutURL" time="4.421"/>
</testsuite> <!-- Chrome Tests -->
