<?xml version="1.0" encoding="UTF-8"?>
<!-- Generated by org.testng.reporters.JUnitXMLReporter -->
<testsuite ignored="0" hostname="HYD-5CG2248276" failures="0" tests="25" name="Firefox Tests" time="516.676" errors="0" timestamp="2025-10-07T17:33:38 IST">
  <testcase classname="com.ps.automation.tests.HomePageTests" name="verifyHomePageLoads" time="0.141"/>
  <testcase classname="com.ps.automation.tests.HomePageTests" name="verifyNavigationMenuItems" time="0.135"/>
  <testcase classname="com.ps.automation.tests.HomePageTests" name="verifyProductCategoriesDisplay" time="0.454"/>
  <testcase classname="com.ps.automation.tests.HomePageTests" name="verifySearchFunctionality" time="0.361"/>
  <testcase classname="com.ps.automation.tests.HomePageTests" name="verifyFeaturedProductsSection" time="0.292"/>
  <testcase classname="com.ps.automation.tests.ProductTests" name="verifyProductGridDisplay" time="8.023"/>
  <testcase classname="com.ps.automation.tests.ProductTests" name="verifyMensOuterwearCategory" time="2.419"/>
  <testcase classname="com.ps.automation.tests.ProductTests" name="verifyLadiesOuterwearCategory" time="2.619"/>
  <testcase classname="com.ps.automation.tests.ProductTests" name="verifyProductTitlesNotEmpty" time="7.566"/>
  <testcase classname="com.ps.automation.tests.ProductTests" name="verifyProductSelection" time="12.491"/>
  <testcase classname="com.ps.automation.tests.ProductDetailTests" name="verifyProductDetailPageLoad" time="9.513"/>
  <testcase classname="com.ps.automation.tests.ProductDetailTests" name="verifyProductTitleAndPrice" time="9.765"/>
  <testcase classname="com.ps.automation.tests.ProductDetailTests" name="verifyProductImage" time="12.663"/>
  <testcase classname="com.ps.automation.tests.ProductDetailTests" name="verifySizeAndQuantityDropdowns" time="9.61"/>
  <testcase classname="com.ps.automation.tests.ProductDetailTests" name="verifyAddToCartFunctionality" time="20.028"/>
  <testcase classname="com.ps.automation.tests.CartTests" name="verifyCartFunctionalityAvailable" time="19.66"/>
  <testcase classname="com.ps.automation.tests.CartTests" name="verifyAddingProductsToCart" time="19.681"/>
  <testcase classname="com.ps.automation.tests.CartTests" name="verifyCartCountUpdates" time="19.672"/>
  <testcase classname="com.ps.automation.tests.CartTests" name="verifyEmptyCartState" time="2.051"/>
  <testcase classname="com.ps.automation.tests.CartTests" name="verifyMultipleProductsAddition" time="41.713"/>
  <testcase classname="com.ps.automation.tests.CheckoutTests" name="verifyCheckoutNavigation" time="23.118"/>
  <testcase classname="com.ps.automation.tests.CheckoutTests" name="verifyCheckoutPageLoads" time="6.182"/>
  <testcase classname="com.ps.automation.tests.CheckoutTests" name="verifyCheckoutFormPresent" time="22.951"/>
  <testcase classname="com.ps.automation.tests.CheckoutTests" name="verifyCheckoutAccessibleWithItems" time="23.405"/>
  <testcase classname="com.ps.automation.tests.CheckoutTests" name="verifyCheckoutURL" time="4.417"/>
</testsuite> <!-- Firefox Tests -->
